[    0.000000] Initializing cgroup subsys cpuset
[    0.000000] Initializing cgroup subsys cpu
[    0.000000] Initializing cgroup subsys cpuacct
[    0.000000] Linux version 4.4.0-176-generic (buildd@lgw01-amd64-035) (gcc version 5.4.0 20160609 (Ubuntu 5.4.0-6ubuntu1~16.04.12) ) #206-Ubuntu SMP Fri Feb 28 05:02:04 UTC 2020 (Ubuntu 4.4.0-176.206-generic 4.4.211)
[    0.000000] Command line: BOOT_IMAGE=/boot/vmlinuz-4.4.0-176-generic root=LABEL=cloudimg-rootfs ro console=tty1 console=ttyS0
[    0.000000] KERNEL supported cpus:
[    0.000000]   Intel GenuineIntel
[    0.000000]   AMD AuthenticAMD
[    0.000000]   Centaur CentaurHauls
[    0.000000] x86/fpu: xstate_offset[2]:  576, xstate_sizes[2]:  256
[    0.000000] x86/fpu: Supporting XSAVE feature 0x01: 'x87 floating point registers'
[    0.000000] x86/fpu: Supporting XSAVE feature 0x02: 'SSE registers'
[    0.000000] x86/fpu: Supporting XSAVE feature 0x04: 'AVX registers'
[    0.000000] x86/fpu: Enabled xstate features 0x7, context size is 832 bytes, using 'standard' format.
[    0.000000] e820: BIOS-provided physical RAM map:
[    0.000000] BIOS-e820: [mem 0x0000000000000000-0x000000000009fbff] usable
[    0.000000] BIOS-e820: [mem 0x000000000009fc00-0x000000000009ffff] reserved
[    0.000000] BIOS-e820: [mem 0x00000000000f0000-0x00000000000fffff] reserved
[    0.000000] BIOS-e820: [mem 0x0000000000100000-0x000000003ffeffff] usable
[    0.000000] BIOS-e820: [mem 0x000000003fff0000-0x000000003fffffff] ACPI data
[    0.000000] BIOS-e820: [mem 0x00000000fec00000-0x00000000fec00fff] reserved
[    0.000000] BIOS-e820: [mem 0x00000000fee00000-0x00000000fee00fff] reserved
[    0.000000] BIOS-e820: [mem 0x00000000fffc0000-0x00000000ffffffff] reserved
[    0.000000] NX (Execute Disable) protection: active
[    0.000000] SMBIOS 2.5 present.
[    0.000000] Hypervisor detected: KVM
[    0.000000] e820: last_pfn = 0x3fff0 max_arch_pfn = 0x400000000
[    0.000000] MTRR: Disabled
[    0.000000] x86/PAT: MTRRs disabled, skipping PAT initialization too.
[    0.000000] CPU MTRRs all blank - virtualized system.
[    0.000000] x86/PAT: Configuration [0-7]: WB  WT  UC- UC  WB  WT  UC- UC  
[    0.000000] found SMP MP-table at [mem 0x0009fff0-0x0009ffff] mapped at [ffff88000009fff0]
[    0.000000] Scanning 1 areas for low memory corruption
[    0.000000] RAMDISK: [mem 0x362e0000-0x37167fff]
[    0.000000] ACPI: Early table checksum verification disabled
[    0.000000] ACPI: RSDP 0x00000000000E0000 000024 (v02 VBOX  )
[    0.000000] ACPI: XSDT 0x000000003FFF0030 00003C (v01 VBOX   VBOXXSDT 00000001 ASL  00000061)
[    0.000000] ACPI: FACP 0x000000003FFF00F0 0000F4 (v04 VBOX   VBOXFACP 00000001 ASL  00000061)
[    0.000000] ACPI: DSDT 0x000000003FFF0470 002325 (v02 VBOX   VBOXBIOS 00000002 INTL 20100528)
[    0.000000] ACPI: FACS 0x000000003FFF0200 000040
[    0.000000] ACPI: FACS 0x000000003FFF0200 000040
[    0.000000] ACPI: APIC 0x000000003FFF0240 00005C (v02 VBOX   VBOXAPIC 00000001 ASL  00000061)
[    0.000000] ACPI: SSDT 0x000000003FFF02A0 0001CC (v01 VBOX   VBOXCPUT 00000002 INTL 20100528)
[    0.000000] No NUMA configuration found
[    0.000000] Faking a node at [mem 0x0000000000000000-0x000000003ffeffff]
[    0.000000] NODE_DATA(0) allocated [mem 0x3ffeb000-0x3ffeffff]
[    0.000000] kvm-clock: Using msrs 4b564d01 and 4b564d00
[    0.000000] kvm-clock: cpu 0, msr 0:3ffe3001, primary cpu clock
[    0.000000] kvm-clock: using sched offset of 5362682210 cycles
[    0.000000] clocksource: kvm-clock: mask: 0xffffffffffffffff max_cycles: 0x1cd42e4dffb, max_idle_ns: 881590591483 ns
[    0.000000] Zone ranges:
[    0.000000]   DMA      [mem 0x0000000000001000-0x0000000000ffffff]
[    0.000000]   DMA32    [mem 0x0000000001000000-0x000000003ffeffff]
[    0.000000]   Normal   empty
[    0.000000]   Device   empty
[    0.000000] Movable zone start for each node
[    0.000000] Early memory node ranges
[    0.000000]   node   0: [mem 0x0000000000001000-0x000000000009efff]
[    0.000000]   node   0: [mem 0x0000000000100000-0x000000003ffeffff]
[    0.000000] Initmem setup node 0 [mem 0x0000000000001000-0x000000003ffeffff]
[    0.000000] ACPI: PM-Timer IO Port: 0x4008
[    0.000000] IOAPIC[0]: apic_id 2, version 32, address 0xfec00000, GSI 0-23
[    0.000000] ACPI: INT_SRC_OVR (bus 0 bus_irq 0 global_irq 2 dfl dfl)
[    0.000000] ACPI: INT_SRC_OVR (bus 0 bus_irq 9 global_irq 9 low level)
[    0.000000] Using ACPI (MADT) for SMP configuration information
[    0.000000] smpboot: Allowing 2 CPUs, 0 hotplug CPUs
[    0.000000] PM: Registered nosave memory: [mem 0x00000000-0x00000fff]
[    0.000000] PM: Registered nosave memory: [mem 0x0009f000-0x0009ffff]
[    0.000000] PM: Registered nosave memory: [mem 0x000a0000-0x000effff]
[    0.000000] PM: Registered nosave memory: [mem 0x000f0000-0x000fffff]
[    0.000000] e820: [mem 0x40000000-0xfebfffff] available for PCI devices
[    0.000000] Booting paravirtualized kernel on KVM
[    0.000000] clocksource: refined-jiffies: mask: 0xffffffff max_cycles: 0xffffffff, max_idle_ns: 7645519600211568 ns
[    0.000000] setup_percpu: NR_CPUS:512 nr_cpumask_bits:512 nr_cpu_ids:2 nr_node_ids:1
[    0.000000] PERCPU: Embedded 33 pages/cpu @ffff88003fc00000 s95448 r8192 d31528 u1048576
[    0.000000] Built 1 zonelists in Node order, mobility grouping on.  Total pages: 257912
[    0.000000] Policy zone: DMA32
[    0.000000] Kernel command line: BOOT_IMAGE=/boot/vmlinuz-4.4.0-176-generic root=LABEL=cloudimg-rootfs ro console=tty1 console=ttyS0
[    0.000000] PID hash table entries: 4096 (order: 3, 32768 bytes)
[    0.000000] Memory: 997672K/1048120K available (8626K kernel code, 1336K rwdata, 4032K rodata, 1488K init, 1292K bss, 50448K reserved, 0K cma-reserved)
[    0.000000] SLUB: HWalign=64, Order=0-3, MinObjects=0, CPUs=2, Nodes=1
[    0.000000] Kernel/User page tables isolation: enabled
[    0.000000] Hierarchical RCU implementation.
[    0.000000] 	Build-time adjustment of leaf fanout to 64.
[    0.000000] 	RCU restricting CPUs from NR_CPUS=512 to nr_cpu_ids=2.
[    0.000000] RCU: Adjusting geometry for rcu_fanout_leaf=64, nr_cpu_ids=2
[    0.000000] NR_IRQS:33024 nr_irqs:440 16
[    0.000000] Console: colour VGA+ 80x25
[    0.000000] console [tty1] enabled
[    0.000000] console [ttyS0] enabled
[    0.000000] tsc: Detected 1599.999 MHz processor
[    0.254173] Calibrating delay loop (skipped) preset value.. 3199.99 BogoMIPS (lpj=6399996)
[    0.257463] pid_max: default: 32768 minimum: 301
[    0.259120] ACPI: Core revision 20150930
[    0.262319] ACPI: 2 ACPI AML tables successfully acquired and loaded
[    0.264889] Security Framework initialized
[    0.266142] Yama: becoming mindful.
[    0.267510] AppArmor: AppArmor initialized
[    0.268974] Dentry cache hash table entries: 131072 (order: 8, 1048576 bytes)
[    0.276269] Inode-cache hash table entries: 65536 (order: 7, 524288 bytes)
[    0.278902] Mount-cache hash table entries: 2048 (order: 2, 16384 bytes)
[    0.280907] Mountpoint-cache hash table entries: 2048 (order: 2, 16384 bytes)
[    0.283054] Initializing cgroup subsys io
[    0.284503] Initializing cgroup subsys memory
[    0.285855] Initializing cgroup subsys devices
[    0.287327] Initializing cgroup subsys freezer
[    0.288851] Initializing cgroup subsys net_cls
[    0.290259] Initializing cgroup subsys perf_event
[    0.291747] Initializing cgroup subsys net_prio
[    0.293372] Initializing cgroup subsys hugetlb
[    0.295043] Initializing cgroup subsys pids
[    0.297607] mce: CPU supports 0 MCE banks
[    0.298952] Last level iTLB entries: 4KB 64, 2MB 8, 4MB 8
[    0.300688] Last level dTLB entries: 4KB 64, 2MB 0, 4MB 0, 1GB 4
[    0.302767] Spectre V1 : Mitigation: usercopy/swapgs barriers and __user pointer sanitization
[    0.305832] Spectre V2 : Mitigation: Full generic retpoline
[    0.307611] Spectre V2 : Spectre v2 / SpectreRSB mitigation: Filling RSB on context switch
[    0.310769] Speculative Store Bypass: Vulnerable
[    0.312393] MDS: Mitigation: Clear CPU buffers
[    0.317656] Freeing SMP alternatives memory: 36K
[    0.328170] ftrace: allocating 32305 entries in 127 pages
[    0.405160] smpboot: APIC(0) Converting physical 0 to logical package 0
[    0.407558] smpboot: Max logical packages: 1
[    0.409342] x2apic enabled
[    0.410945] Switched APIC routing to physical x2apic.
[    0.414099] ..TIMER: vector=0x30 apic1=0 pin1=2 apic2=-1 pin2=-1
[    0.524176] smpboot: CPU0: Intel(R) Core(TM) i5-5250U CPU @ 1.60GHz (family: 0x6, model: 0x3d, stepping: 0x4)
[    0.528180] Performance Events: unsupported p6 CPU model 61 no PMU driver, software events only.
[    0.541842] KVM setup paravirtual spinlock
[    0.544443] x86: Booting SMP configuration:
[    0.545875] .... node  #0, CPUs:      #1
[    0.547753] kvm-clock: cpu 1, msr 0:3ffe3041, secondary cpu clock
[    0.550354] mce: CPU supports 0 MCE banks
[    0.553348] x86: Booted up 1 node, 2 CPUs
[    0.555115] smpboot: Total of 2 processors activated (6399.99 BogoMIPS)
[    0.558245] devtmpfs: initialized
[    0.561023] evm: security.selinux
[    0.562168] evm: security.SMACK64
[    0.563440] evm: security.SMACK64EXEC
[    0.565011] evm: security.SMACK64TRANSMUTE
[    0.566467] evm: security.SMACK64MMAP
[    0.567755] evm: security.ima
[    0.569002] evm: security.capability
[    0.570485] clocksource: jiffies: mask: 0xffffffff max_cycles: 0xffffffff, max_idle_ns: 7645041785100000 ns
[    0.573388] futex hash table entries: 512 (order: 3, 32768 bytes)
[    0.575523] pinctrl core: initialized pinctrl subsystem
[    0.577805] RTC time: 13:32:15, date: 03/24/20
[    0.579377] NET: Registered protocol family 16
[    0.592944] cpuidle: using governor ladder
[    0.605128] cpuidle: using governor menu
[    0.606958] PCCT header not found.
[    0.608379] ACPI: bus type PCI registered
[    0.610141] acpiphp: ACPI Hot Plug PCI Controller Driver version: 0.5
[    0.612654] PCI: Using configuration type 1 for base access
[    0.629564] ACPI: Added _OSI(Module Device)
[    0.631198] ACPI: Added _OSI(Processor Device)
[    0.632880] ACPI: Added _OSI(3.0 _SCP Extensions)
[    0.634545] ACPI: Added _OSI(Processor Aggregator Device)
[    0.637161] ACPI: Executed 1 blocks of module-level executable AML code
[    0.641806] ACPI: Interpreter enabled
[    0.643533] ACPI: (supports S0 S5)
[    0.644836] ACPI: Using IOAPIC for interrupt routing
[    0.646711] PCI: Using host bridge windows from ACPI; if necessary, use "pci=nocrs" and report a bug
[    0.655425] ACPI: PCI Root Bridge [PCI0] (domain 0000 [bus 00-ff])
[    0.657623] acpi PNP0A03:00: _OSC: OS supports [ASPM ClockPM Segments MSI]
[    0.659969] acpi PNP0A03:00: _OSC: not requesting OS control; OS requires [ExtendedConfig ASPM ClockPM MSI]
[    0.663169] acpi PNP0A03:00: fail to add MMCONFIG information, can't access extended PCI configuration space under this bridge.
[    0.667485] PCI host bridge to bus 0000:00
[    0.668800] pci_bus 0000:00: root bus resource [io  0x0000-0x0cf7 window]
[    0.670725] pci_bus 0000:00: root bus resource [io  0x0d00-0xffff window]
[    0.672628] pci_bus 0000:00: root bus resource [mem 0x000a0000-0x000bffff window]
[    0.674937] pci_bus 0000:00: root bus resource [mem 0x40000000-0xfdffffff window]
[    0.677930] pci_bus 0000:00: root bus resource [bus 00-ff]
[    0.682620] pci 0000:00:01.1: legacy IDE quirk: reg 0x10: [io  0x01f0-0x01f7]
[    0.685068] pci 0000:00:01.1: legacy IDE quirk: reg 0x14: [io  0x03f6]
[    0.687113] pci 0000:00:01.1: legacy IDE quirk: reg 0x18: [io  0x0170-0x0177]
[    0.689140] pci 0000:00:01.1: legacy IDE quirk: reg 0x1c: [io  0x0376]
[    0.725420] pci 0000:00:07.0: quirk: [io  0x4000-0x403f] claimed by PIIX4 ACPI
[    0.728235] pci 0000:00:07.0: quirk: [io  0x4100-0x410f] claimed by PIIX4 SMB
[    0.745560] ACPI: PCI Interrupt Link [LNKA] (IRQs 5 9 10 *11)
[    0.748364] ACPI: PCI Interrupt Link [LNKB] (IRQs 5 9 *10 11)
[    0.750659] ACPI: PCI Interrupt Link [LNKC] (IRQs 5 *9 10 11)
[    0.753001] ACPI: PCI Interrupt Link [LNKD] (IRQs 5 9 10 *11)
[    0.755559] ACPI: Enabled 2 GPEs in block 00 to 07
[    0.757708] vgaarb: setting as boot device: PCI:0000:00:02.0
[    0.759434] vgaarb: device added: PCI:0000:00:02.0,decodes=io+mem,owns=io+mem,locks=none
[    0.762618] vgaarb: loaded
[    0.763725] vgaarb: bridge control possible 0000:00:02.0
[    0.765740] SCSI subsystem initialized
[    0.767050] ACPI: bus type USB registered
[    0.768350] usbcore: registered new interface driver usbfs
[    0.769967] usbcore: registered new interface driver hub
[    0.771531] usbcore: registered new device driver usb
[    0.773352] PCI: Using ACPI for IRQ routing
[    0.778990] NetLabel: Initializing
[    0.780402] NetLabel:  domain hash size = 128
[    0.781967] NetLabel:  protocols = UNLABELED CIPSOv4
[    0.783623] NetLabel:  unlabeled traffic allowed by default
[    0.785834] amd_nb: Cannot enumerate AMD northbridges
[    0.787598] clocksource: Switched to clocksource kvm-clock
[    0.805942] AppArmor: AppArmor Filesystem Enabled
[    0.807771] pnp: PnP ACPI init
[    0.810605] pnp: PnP ACPI: found 3 devices
[    0.823422] clocksource: acpi_pm: mask: 0xffffff max_cycles: 0xffffff, max_idle_ns: 2085701024 ns
[    0.829575] NET: Registered protocol family 2
[    0.832105] TCP established hash table entries: 8192 (order: 4, 65536 bytes)
[    0.835444] TCP bind hash table entries: 8192 (order: 5, 131072 bytes)
[    0.838944] TCP: Hash tables configured (established 8192 bind 8192)
[    0.841589] UDP hash table entries: 512 (order: 2, 16384 bytes)
[    0.845145] UDP-Lite hash table entries: 512 (order: 2, 16384 bytes)
[    0.847220] NET: Registered protocol family 1
[    0.848775] pci 0000:00:00.0: Limiting direct PCI/PCI transfers
[    0.850519] pci 0000:00:01.0: Activating ISA DMA hang workarounds
[    0.852824] Unpacking initramfs...
[    1.336730] Freeing initrd memory: 14880K
[    1.338466] RAPL PMU detected, API unit is 2^-32 Joules, 4 fixed counters 10737418240 ms ovfl timer
[    1.341888] hw unit of domain pp0-core 2^-0 Joules
[    1.344601] hw unit of domain package 2^-0 Joules
[    1.346171] hw unit of domain dram 2^-0 Joules
[    1.347564] hw unit of domain pp1-gpu 2^-0 Joules
[    1.349380] clocksource: tsc: mask: 0xffffffffffffffff max_cycles: 0x171023f09ff, max_idle_ns: 440795233615 ns
[    1.352993] platform rtc_cmos: registered platform RTC device (no PNP device found)
[    1.355946] Scanning for low memory corruption every 60 seconds
[    1.358503] audit: initializing netlink subsys (disabled)
[    1.360456] audit: type=2000 audit(1585056743.395:1): initialized
[    1.362808] Initialise system trusted keyring
[    1.364687] HugeTLB registered 2 MB page size, pre-allocated 0 pages
[    1.368201] zbud: loaded
[    1.369750] VFS: Disk quotas dquot_6.6.0
[    1.371026] VFS: Dquot-cache hash table entries: 512 (order 0, 4096 bytes)
[    1.373308] squashfs: version 4.0 (2009/01/31) Phillip Lougher
[    1.375512] fuse init (API version 7.23)
[    1.377583] Key type big_key registered
[    1.379043] Allocating IMA MOK and blacklist keyrings.
[    1.382840] Key type asymmetric registered
[    1.384341] Asymmetric key parser 'x509' registered
[    1.385839] Block layer SCSI generic (bsg) driver version 0.4 loaded (major 249)
[    1.388321] io scheduler noop registered
[    1.389555] io scheduler deadline registered (default)
[    1.391089] io scheduler cfq registered
[    1.392443] pci_hotplug: PCI Hot Plug PCI Core version: 0.5
[    1.394629] pciehp: PCI Express Hot Plug Controller Driver version: 0.4
[    1.397152] ACPI: AC Adapter [AC] (off-line)
[    1.398530] input: Power Button as /devices/LNXSYSTM:00/LNXPWRBN:00/input/input0
[    1.400891] ACPI: Power Button [PWRF]
[    1.402163] input: Sleep Button as /devices/LNXSYSTM:00/LNXSLPBN:00/input/input1
[    1.404861] ACPI: Sleep Button [SLPF]
[    1.407901] GHES: HEST is not enabled!
[    1.408013] ACPI: Battery Slot [BAT0] (battery present)
[    1.411498] Serial: 8250/16550 driver, 32 ports, IRQ sharing enabled
[    1.434696] 00:02: ttyS0 at I/O 0x3f8 (irq = 4, base_baud = 115200) is a 16550A
[    1.442282] Linux agpgart interface v0.103
[    1.446707] loop: module loaded
[    1.448462] scsi host0: ata_piix
[    1.449658] scsi host1: ata_piix
[    1.450735] ata1: PATA max UDMA/33 cmd 0x1f0 ctl 0x3f6 bmdma 0xd000 irq 14
[    1.452712] ata2: PATA max UDMA/33 cmd 0x170 ctl 0x376 bmdma 0xd008 irq 15
[    1.454700] libphy: Fixed MDIO Bus: probed
[    1.456403] tun: Universal TUN/TAP device driver, 1.6
[    1.457865] tun: (C) 1999-2004 Max Krasnyansky <maxk@qualcomm.com>
[    1.459780] PPP generic driver version 2.4.2
[    1.461694] ehci_hcd: USB 2.0 'Enhanced' Host Controller (EHCI) Driver
[    1.464013] ehci-pci: EHCI PCI platform driver
[    1.465363] ehci-platform: EHCI generic platform driver
[    1.466893] ohci_hcd: USB 1.1 'Open' Host Controller (OHCI) Driver
[    1.468710] ohci-pci: OHCI PCI platform driver
[    1.470068] ohci-platform: OHCI generic platform driver
[    1.471615] uhci_hcd: USB Universal Host Controller Interface driver
[    1.473666] i8042: PNP: PS/2 Controller [PNP0303:PS2K,PNP0f03:PS2M] at 0x60,0x64 irq 1,12
[    1.477050] serio: i8042 KBD port at 0x60,0x64 irq 1
[    1.478628] serio: i8042 AUX port at 0x60,0x64 irq 12
[    1.480398] mousedev: PS/2 mouse device common for all mice
[    1.482394] input: AT Translated Set 2 keyboard as /devices/platform/i8042/serio0/input/input2
[    1.485805] rtc_cmos rtc_cmos: rtc core: registered rtc_cmos as rtc0
[    1.487747] rtc_cmos rtc_cmos: alarms up to one day, 114 bytes nvram
[    1.489540] i2c /dev entries driver
[    1.490870] device-mapper: uevent: version 1.0.3
[    1.492747] device-mapper: ioctl: 4.34.0-ioctl (2015-10-28) initialised: dm-devel@redhat.com
[    1.496285] ledtrig-cpu: registered to indicate activity on CPUs
[    1.499390] NET: Registered protocol family 10
[    1.502045] NET: Registered protocol family 17
[    1.503858] Key type dns_resolver registered
[    1.506080] registered taskstats version 1
[    1.507457] Loading compiled-in X.509 certificates
[    1.510162] Loaded X.509 cert 'Build time autogenerated kernel key: c2b7431ed9258328a3a0cf301f850647788d8e61'
[    1.513227] zswap: loaded using pool lzo/zbud
[    1.517091] Key type trusted registered
[    1.522745] Key type encrypted registered
[    1.524227] AppArmor: AppArmor sha1 policy hashing enabled
[    1.525813] ima: No TPM chip found, activating TPM-bypass!
[    1.527930] ima: Allocated hash algorithm: sha1
[    1.529472] evm: HMAC attrs: 0x1
[    1.531302]   Magic number: 12:640:534
[    1.532835] tty ttyS14: hash matches
[    1.534211] rtc_cmos rtc_cmos: setting system clock to 2020-03-24 13:32:16 UTC (1585056736)
[    1.537127] BIOS EDD facility v0.16 2004-Jun-25, 0 devices found
[    1.538831] EDD information not available.
[    1.635479] Freeing unused kernel memory: 1488K
[    1.637249] Write protecting the kernel read-only data: 14336k
[    1.639755] Freeing unused kernel memory: 1604K
[    1.641444] Freeing unused kernel memory: 64K
Loading, please wait...
starting version 229
[    1.661498] random: systemd-udevd: uninitialized urandom read (16 bytes read, 3 bits of entropy available)
[    1.662364] random: udevadm: uninitialized urandom read (16 bytes read, 3 bits of entropy available)
[    1.662440] random: udevadm: uninitialized urandom read (16 bytes read, 3 bits of entropy available)
[    1.672701] random: systemd-udevd: uninitialized urandom read (16 bytes read, 3 bits of entropy available)
[    1.672711] random: udevadm: uninitialized urandom read (16 bytes read, 3 bits of entropy available)
[    1.672762] random: udevadm: uninitialized urandom read (16 bytes read, 3 bits of entropy available)
[    1.672908] random: udevadm: uninitialized urandom read (16 bytes read, 3 bits of entropy available)
[    1.672958] random: udevadm: uninitialized urandom read (16 bytes read, 3 bits of entropy available)
[    1.673010] random: udevadm: uninitialized urandom read (16 bytes read, 3 bits of entropy available)
[    1.673062] random: udevadm: uninitialized urandom read (16 bytes read, 3 bits of entropy available)
[    1.737170] Fusion MPT base driver 3.04.20
[    1.738862] Copyright (c) 1999-2008 LSI Corporation
[    1.744675] e1000: Intel(R) PRO/1000 Network Driver - version 7.3.21-k8-NAPI
[    1.746873] e1000: Copyright (c) 1999-2006 Intel Corporation.
[    1.764583] AVX2 version of gcm_enc/dec engaged.
[    1.766460] AES CTR mode by8 optimization enabled
[    1.768461] Fusion MPT SPI Host driver 3.04.20
[    1.955600] input: ImExPS/2 Generic Explorer Mouse as /devices/platform/i8042/serio1/input/input4
[    2.226861] e1000 0000:00:03.0 eth0: (PCI:33MHz:32-bit) 02:90:e9:96:cf:60
[    2.229435] e1000 0000:00:03.0 eth0: Intel(R) PRO/1000 Network Connection
[    2.662392] e1000 0000:00:08.0 eth1: (PCI:33MHz:32-bit) 08:00:27:fe:21:a6
[    2.665037] e1000 0000:00:08.0 eth1: Intel(R) PRO/1000 Network Connection
[    2.668553] mptbase: ioc0: Initiating bringup
[    2.670796] e1000 0000:00:03.0 enp0s3: renamed from eth0
[    2.688581] e1000 0000:00:08.0 enp0s8: renamed from eth1
[    3.152617] ioc0: LSI53C1030 A0: Capabilities={Initiator}
[    5.155935] scsi host2: ioc0: LSI53C1030 A0, FwRev=00000000h, Ports=1, MaxQ=256, IRQ=20
[    6.403639] scsi 2:0:0:0: Direct-Access     VBOX     HARDDISK         1.0  PQ: 0 ANSI: 5
[    6.417677] scsi target2:0:0: Beginning Domain Validation
[    6.422465] scsi target2:0:0: Domain Validation skipping write tests
[    6.424567] scsi target2:0:0: Ending Domain Validation
[    6.426157] scsi target2:0:0: asynchronous
[    6.428316] scsi 2:0:1:0: Direct-Access     VBOX     HARDDISK         1.0  PQ: 0 ANSI: 5
[    6.430723] scsi target2:0:1: Beginning Domain Validation
[    6.433152] scsi target2:0:1: Domain Validation skipping write tests
[    6.435059] scsi target2:0:1: Ending Domain Validation
[    6.436739] scsi target2:0:1: asynchronous
[    6.445685] sd 2:0:0:0: Attached scsi generic sg0 type 0
[    6.447570] sd 2:0:0:0: [sda] 20971520 512-byte logical blocks: (10.7 GB/10.0 GiB)
[    6.450549] sd 2:0:1:0: Attached scsi generic sg1 type 0
[    6.452473] sd 2:0:1:0: [sdb] 20480 512-byte logical blocks: (10.5 MB/10.0 MiB)
[    6.455032] sd 2:0:0:0: [sda] Write Protect is off
[    6.457036] sd 2:0:0:0: [sda] Incomplete mode parameter data
[    6.458750] sd 2:0:0:0: [sda] Assuming drive cache: write through
[    6.459687] sd 2:0:1:0: [sdb] Write Protect is off
[    6.459880] sd 2:0:1:0: [sdb] Incomplete mode parameter data
[    6.459881] sd 2:0:1:0: [sdb] Assuming drive cache: write through
[    6.466742] sd 2:0:1:0: [sdb] Attached SCSI disk
[    6.471369]  sda: sda1
[    6.474066] sd 2:0:0:0: [sda] Attached SCSI disk
Begin: Loading essential drivers ... [    7.974076] md: linear personality registered for level -1
[    7.979806] md: multipath personality registered for level -4
[    7.985359] md: raid0 personality registered for level 0
[    7.993075] md: raid1 personality registered for level 1
[    8.068212] raid6: sse2x1   gen()  7278 MB/s
[    8.135969] raid6: sse2x1   xor()  5741 MB/s
[    8.203993] raid6: sse2x2   gen()  9533 MB/s
[    8.271705] raid6: sse2x2   xor()  6033 MB/s
[    8.339657] raid6: sse2x4   gen() 10991 MB/s
[    8.407754] raid6: sse2x4   xor()  6914 MB/s
[    8.476072] raid6: avx2x1   gen() 14566 MB/s
[    8.544017] raid6: avx2x2   gen() 17348 MB/s
[    8.612845] raid6: avx2x4   gen() 19340 MB/s
[    8.614580] raid6: using algorithm avx2x4 gen() 19340 MB/s
[    8.616481] raid6: using avx2x2 recovery algorithm
[    8.619574] xor: automatically using best checksumming function:
[    8.659799]    avx       : 20629.000 MB/sec
[    8.662587] async_tx: api initialized (async)
[    8.675991] md: raid6 personality registered for level 6
[    8.678473] md: raid5 personality registered for level 5
[    8.680359] md: raid4 personality registered for level 4
[    8.691102] md: raid10 personality registered for level 10
done.
Begin: Running /scripts/init-premount ... done.
Begin: Mounting root file system ... Begin: Running /scripts/local-top ... done.
Begin: Running /scripts/local-premount ... [    8.731905] Btrfs loaded
Scanning for Btrfs filesystems
done.
Warning: fsck not present, so skipping root file system
[    8.772090] EXT4-fs (sda1): mounted filesystem with ordered data mode. Opts: (null)
done.
Begin: Running /scripts/local-bottom ... done.
Begin: Running /scripts/init-bottom ... done.
[    8.925405] systemd[1]: systemd 229 running in system mode. (+PAM +AUDIT +SELINUX +IMA +APPARMOR +SMACK +SYSVINIT +UTMP +LIBCRYPTSETUP +GCRYPT +GNUTLS +ACL +XZ -LZ4 +SECCOMP +BLKID +ELFUTILS +KMOD -IDN)
[    8.931059] systemd[1]: Detected virtualization oracle.
[    8.932674] systemd[1]: Detected architecture x86-64.

Welcome to [1mUbuntu 16.04.6 LTS[0m!

[    8.940071] systemd[1]: Set hostname to <ubuntu>.
[    8.945791] systemd[1]: Initializing machine ID from random generator.
[    8.947887] systemd[1]: Installed transient /etc/machine-id file.
[    9.270221] systemd[1]: Reached target User and Group Name Lookups.
[[0;32m  OK  [0m] Reached target User and Group Name Lookups.
[    9.274088] systemd[1]: Reached target Swap.
[[0;32m  OK  [0m] Reached target Swap.
[    9.276931] systemd[1]: Listening on Journal Socket.
[[0;32m  OK  [0m] Listening on Journal Socket.
[    9.280368] systemd[1]: Listening on LVM2 poll daemon socket.
[[0;32m  OK  [0m] Listening on LVM2 poll daemon socket.
[    9.283877] systemd[1]: Listening on udev Control Socket.
[[0;32m  OK  [0m] Listening on udev Control Socket.
[    9.286988] systemd[1]: Started Trigger resolvconf update for networkd DNS.
[[0;32m  OK  [0m] Started Trigger resolvconf update for networkd DNS.
[    9.290757] systemd[1]: Reached target System Time Synchronized.
[[0;32m  OK  [0m] Reached target System Time Synchronized.
[    9.294965] systemd[1]: Listening on Syslog Socket.
[[0;32m  OK  [0m] Listening on Syslog Socket.
[    9.297839] systemd[1]: Listening on udev Kernel Socket.
[[0;32m  OK  [0m] Listening on udev Kernel Socket.
[    9.353348] systemd[1]: Created slice User and Session Slice.
[[0;32m  OK  [0m] Created slice User and Session Slice.
[    9.357277] systemd[1]: Set up automount Arbitrary Executable File Formats File System Automount Point.
[[0;32m  OK  [0m] Set up automount Arbitrary Executab...ats File System Automount Point.
[    9.362940] systemd[1]: Listening on /dev/initctl Compatibility Named Pipe.
[[0;32m  OK  [0m] Listening on /dev/initctl Compatibility Named Pipe.
[    9.367211] systemd[1]: Listening on LVM2 metadata daemon socket.
[[0;32m  OK  [0m] Listening on LVM2 metadata daemon socket.
[    9.370663] systemd[1]: Listening on Journal Audit Socket.
[[0;32m  OK  [0m] Listening on Journal Audit Socket.
[    9.373996] systemd[1]: Started Forward Password Requests to Wall Directory Watch.
[[0;32m  OK  [0m] Started Forward Password Requests to Wall Directory Watch.
[    9.378780] systemd[1]: Listening on Journal Socket (/dev/log).
[[0;32m  OK  [0m] Listening on Journal Socket (/dev/log).
[    9.382487] systemd[1]: Created slice System Slice.
[[0;32m  OK  [0m] Created slice System Slice.
[    9.396067] systemd[1]: Starting Uncomplicated firewall...
         Starting Uncomplicated firewall...
[    9.406356] systemd[1]: Starting Load Kernel Modules...
         Starting Load Kernel Modules...
[    9.411215] systemd[1]: Mounting Debug File System...
         Mounting Debug File System...
[    9.415254] systemd[1]: Reached target Slices.
[[0;32m  OK  [0m] Reached target Slices.
[    9.422996] systemd[1]: Starting Journal Service...
         Starting Journal Service...
[    9.428200] systemd[1]: Starting Remount Root and Kernel File Systems...
[    9.431479] ading iSCSI transport class v2.0-870.
         Starting Remount Root and Kernel File Systems...
[    9.436690] EXT4-fs (sda1): re-mounted. Opts: (null)
[    9.437564] systemd[1]: Starting Create list of required static device nodes for the current kernel...
         Starting Create list of required st... nodes for the current kernel...
[    9.446972] systemd[1]: Starting Set console keymap...
         Starting Set console keymap...
[    9.452918] systemd[1]: Mounting POSIX Message Queue File System...
         Mounting POSIX Message Queue File System...
[    9.460525] systemd[1]: Starting Nameserver information manager...
         Starting Nameserver information manager...
[    9.468690] systemd[1]: Mounting Huge Pages File System...
         [    9.471586] iscsi: registered transport (tcp)
Mounting Huge Pages File System...
[    9.475633] systemd[1]: Created slice system-serial\x2dgetty.slice.
[[0;32m  OK  [0m] Created slice system-serial\x2dgetty.slice.
[    9.481240] systemd[1]: Reached target Encrypted Volumes.
[[0;32m  OK  [0m] Reached target Encrypted Volumes.
[    9.485367] systemd[1]: Listening on Device-mapper event daemon FIFOs.
[[0;32m  OK  [0m] Listening on Device-mapper event daemon FIFOs.
[    9.490975] systemd[1]: Starting Monitoring of LVM2 mirrors, snapshots etc. using dmeventd or progress polling...
         Starting Monitoring of LVM2 mirrors... dmeventd or progress polling...
[    9.503065] systemd[1]: Mounted POSIX Message Queue File System.
[[0;32m  OK  [0m] Mounted POSIX Message Queue File System.
[    9.508017] systemd[1]: Mounted Huge Pages File System.
[[0;32m  OK  [0m] Mounted Huge Pages File System.
[    9.513559] systemd[1]: Mounted Debug File System.
[[0;32m  OK  [0m] Mounted Debug File System.
[    9.518133] systemd[1]: Started Journal Service.
[[0;32m  OK  [0m] Started Journal Service.
[[0;32m  OK  [0m] Started Uncomplicated firewall.
[[0;32m  OK  [0m] Started Remount Root and Kernel File Systems.
[[0;32m  OK  [0m] Started Create list of required sta...ce nodes for the current kernel.
         Starting Create Static Device Nodes in /dev...
[    9.553235] iscsi: registered transport (iser)
         Starting Load/Save Random Seed...
         Starting udev Coldplug all Devices...
         Starting Flush Journal to Persistent Storage...
[[0;32m  OK  [0m] Started Load Kernel Modules.
[    9.576969] random: nonblocking pool is initialized
[[0;32m  OK  [0m] Started Nameserver information manager.
[[0;32m  OK  [0m] Started Load/Save Random Seed.
[[0;32m  OK  [0m] Started LVM2 metadata daemon.
         Mounting FUSE Control File System...
         Starting Apply Kernel Variables...
[[0;32m  OK  [0m] Mounted FUSE Control File System.
[    9.611411] systemd-journald[375]: Received request to flush runtime journal from PID 1
[[0;32m  OK  [0m] Started Set console keymap.
[[0;32m  OK  [0m] Started Flush Journal to Persistent Storage.
[[0;32m  OK  [0m] Started Apply Kernel Variables.
[[0;32m  OK  [0m] Started Create Static Device Nodes in /dev.
         Starting udev Kernel Device Manager...
[[0;32m  OK  [0m] Started udev Coldplug all Devices.
[[0;32m  OK  [0m] Started Monitoring of LVM2 mirrors,...ng dmeventd or progress polling.
[[0;32m  OK  [0m] Reached target Local File Systems (Pre).
[[0;32m  OK  [0m] Reached target Local File Systems.
         Starting Commit a transient machine-id on disk...
         Starting Set console font and keymap...
         Starting LSB: AppArmor initialization...
         Starting Create Volatile Files and Directories...
         Starting Initial cloud-init job (pre-networking)...
         Starting Tell Plymouth To Write Out Runtime Data...
[[0;32m  OK  [0m] Started Tell Plymouth To Write Out Runtime Data.
[[0;32m  OK  [0m] Started Create Volatile Files and Directories.
[[0;32m  OK  [0m] Started udev Kernel Device Manager.
[[0;32m  OK  [0m] Started Dispatch Password Requests to Console Directory Watch.
         Starting Update UTMP about System Boot/Shutdown...
[[0;32m  OK  [0m] Started Commit a transient machine-id on disk.
[[0;32m  OK  [0m] Started Update UTMP about System Boot/Shutdown.
[[0;32m  OK  [0m] Found device /dev/ttyS0.
[[0;32m  OK  [0m] Listening on Load/Save RF Kill Switch Status /dev/rfkill Watch.
[[0;32m  OK  [0m] Started Set console font and keymap.
[[0;32m  OK  [0m] Created slice system-getty.slice.
[   11.677065] cloud-init[474]: Cloud-init v. 19.4-33-gbb4131a2-0ubuntu1~16.04.1 running 'init-local' at Tue, 24 Mar 2020 13:32:26 +0000. Up 11.07 seconds.
[[0;32m  OK  [0m] Started LSB: AppArmor initialization.
[[0;32m  OK  [0m] Started Initial cloud-init job (pre-networking).
[[0;32m  OK  [0m] Reached target Network (Pre).
         Starting Raise network interfaces...
[[0;32m  OK  [0m] Started Raise network interfaces.
[[0;32m  OK  [0m] Reached target Network.
         Starting Initial cloud-init job (metadata service crawler)...
[   13.480568] cloud-init[954]: Cloud-init v. 19.4-33-gbb4131a2-0ubuntu1~16.04.1 running 'init' at Tue, 24 Mar 2020 13:32:27 +0000. Up 12.57 seconds.
[   13.487932] cloud-init[954]: ci-info: ++++++++++++++++++++++++++++++++++++++Net device info+++++++++++++++++++++++++++++++++++++++
[   13.495225] cloud-init[954]: ci-info: +--------+-------+----------------------------+---------------+--------+-------------------+
[   13.502178] cloud-init[954]: ci-info: | Device |   Up  |          Address           |      Mask     | Scope  |     Hw-Address    |
[   13.508544] cloud-init[954]: ci-info: +--------+-------+----------------------------+---------------+--------+-------------------+
[   13.514507] cloud-init[954]: ci-info: | enp0s3 |  True |         10.0.2.15          | 255.255.255.0 | global | 02:90:e9:96:cf:60 |
[   13.525025] cloud-init[954]: ci-info: | enp0s3 |  True | fe80::90:e9ff:fe96:cf60/64 |       .       |  link  | 02:90:e9:96:cf:60 |
[   13.529196] cloud-init[954]: ci-info: | enp0s8 | False |             .              |       .       |   .    | 08:00:27:fe:21:a6 |
[   13.533684] cloud-init[954]: ci-info: |   lo   |  True |         127.0.0.1          |   255.0.0.0   |  host  |         .         |
[   13.544945] cloud-init[954]: ci-info: |   lo   |  True |          ::1/128           |       .       |  host  |         .         |
[   13.556631] cloud-init[954]: ci-info: +--------+-------+----------------------------+---------------+--------+-------------------+
[   13.560921] cloud-init[954]: ci-info: +++++++++++++++++++++++++++Route IPv4 info++++++++++++++++++++++++++++
[   13.564357] cloud-init[954]: ci-info: +-------+-------------+----------+---------------+-----------+-------+
[   13.568533] cloud-init[954]: ci-info: | Route | Destination | Gateway  |    Genmask    | Interface | Flags |
[   13.572592] cloud-init[954]: ci-info: +-------+-------------+----------+---------------+-----------+-------+
[   13.575467] cloud-init[954]: ci-info: |   0   |   0.0.0.0   | 10.0.2.2 |    0.0.0.0    |   enp0s3  |   UG  |
[   13.578507] cloud-init[954]: ci-info: |   1   |   10.0.2.0  | 0.0.0.0  | 255.255.255.0 |   enp0s3  |   U   |
[   13.581487] cloud-init[954]: ci-info: +-------+-------------+----------+---------------+-----------+-------+
[   13.585484] cloud-init[954]: ci-info: +++++++++++++++++++Route IPv6 info+++++++++++++++++++
[   13.588791] cloud-init[954]: ci-info: +-------+-------------+---------+-----------+-------+
[   13.592307] cloud-init[954]: ci-info: | Route | Destination | Gateway | Interface | Flags |[[0;32m  OK  [0m] Started Initial cloud-init job (metadata service crawler).
[[0;32m  OK  [0m] Reached target Cloud-config availability.
[[0;32m  OK  [0m] Reached target System Initialization.
[[0;32m  OK  [0m] Started Daily Cleanup of Temporary Directories.
[[0;32m  OK  [0m] Listening on UUID daemon activation socket.
[[0;32m  OK  [0m] Listening on ACPID Listen Socket.
[[0;32m  OK  [0m] Started Daily apt download activities.
[   13.605059] cloud-init[954]: ci-info: +-------+-------------+---------+-----------+-------+
[   13.607039] cloud-init[954]: ci-info: |   0   |  fe80::/64  |    ::   |   enp0s3  |   U   |
[[0;32m  OK  [0m] Started Daily apt upgrade and clean activities.

[   13.610924]          Starting LXD - unix socket.
cloud-init[954]: ci-info: |   3   |   ff00::/8  |    ::   |   enp0s3  |   U   |
[[   13.616158] cloud-init[954]: ci-info: +-------+-------------+---------+-----------+-------+
[   13.616804] cloud-init[954]: Generating public/private rsa key pair.
[0;32m  OK  [0m] Started Message of the Day.
[   13.617174] cloud-init[954]: Your identification has been saved in /etc/ssh/ssh_host_rsa_key.
[[0;32m  OK  [0m[   13.624707] cloud-init[954]: Your public key has been saved in /etc/ssh/ssh_host_rsa_key.pub.
] [   13.627528] cloud-init[954]: The key fingerprint is:
Listening on D-Bus System Message Bus Socket.[   13.629138] cloud-init[954]: 
SHA256:XNwbP87JhRLL9BvK0xRXMqL5ni2OMpTTnZXyfyGJ8dg root@ubuntu-xenial
[   13.631188] cloud-init[954]: The key's randomart image is:
[   13.635074] cloud-init[954]: +---[RSA 2048]----+
[   13.636940] cloud-init[954]: |            . o .|
[   13.637264] cloud-init[954]: |         . + . o.|
[   13.639072] cloud-init[954]: |          = = ...|
[[0;32m  OK  [0m] Started ACPI Events Check.
[   13.640794] cloud-init[954]: |       . . =.Bo+ |
[   13.644634] cloud-init[954]: |        So .%=O .|
[   13.644878] cloud-init[954]: |        + .=oE.B |
[[0;32m  OK  [0m] Reached target Paths.
[[   13.646944] cloud-init[954]: |       . .  B X..|
[   13.650190] cloud-init[954]: |        o  o o  o|
[   13.651738] cloud-init[954]: |         o. .   .|
[   13.652532] cloud-init[954]: +----[SHA256]-----+
[0;32m  OK  [0m[   13.654779] cloud-init[954]: Generating public/private dsa key pair.
[   13.655186] cloud-init[954]: Your identification has been saved in /etc/ssh/ssh_host_dsa_key.
[   13.656991] cloud-init[954]: Your public key has been saved in /etc/ssh/ssh_host_dsa_key.pub.
[   13.659074] cloud-init[954]: The key fingerprint is:
[   13.660867] cloud-init[954]: SHA256:GrVGERVeD6DInZuPgAIzgJsCglP8xdIuo0N12iMRPzE root@ubuntu-xenial
[   13.662976] cloud-init[954]: The key's randomart image is:
[   13.664122] cloud-init[954]: +---[DSA 1024]----+
[   13.665011] cloud-init[954]: |+o. .+E oo+oo    |
] Reached target Timers.
[   13.665645] cloud-init[954]: |B . +o== = . o   |
[   13.669706] cloud-init[954]: |*+ o O= * .   .  |
[   13.670025] cloud-init[954]: |++. *.++ +       |
[   13.671834] cloud-init[954]: |.....+o.S        |
[   13.672703] cloud-init[954]: |  o.   = o       |
[   13.674131] cloud-init[954]: |   .  . . .      |
[   13.675081] cloud-init[954]: |                 |
[   13.676733] cloud-init[954]: |                 |
[   13.677691] cloud-init[954]: +----[SHA256]-----+
[   13.679451] cloud-init[954]: Generating public/private ecdsa key pair.
[   13.680508] cloud-init[954]: Your identification has been saved in /etc/ssh/ssh_host_ecdsa_key.
         Starting Socket activation for snappy daemon.
[   13.682872] cloud-init[954]: Your public key has been saved in /etc/ssh/ssh_host_ecdsa_key.pub.
[   13.685655] cloud-init[954]: The key fingerprint is:
[   13.688844] cloud-init[954]: SHA256:HXYGyaZ+YAwPf/yePKpDSTa4dmdK7Dx9AtSW5rDbBoc root@ubuntu-xenial
[   13.689616] cloud-init[954]: The key's randomart image is:
[   13.692690] cloud-init[954]: +---[ECDSA 256]---+
[   13.693635] cloud-init[954]: |         ...     |
[   13.695487] cloud-init[954]: |      o   +.     |
[   13.697543] cloud-init[954]: |       B =o.o    |
[   13.698517] cloud-init[954]: |      . &oB+     |
[   13.699200] cloud-init[954]: |       OS%..     |
[   13.700767] cloud-init[954]: |      o E * .    |
[   13.701683] cloud-init[954]: |     . * % o .   |
[   13.702858] cloud-init[954]: |        B = *    |
[   13.704847] cloud-init[954]: |        .=.+ .   |
[   13.705813] cloud-init[954]: +----[SHA256]-----+
[   13.707500] cloud-init[954]: Generating public/private ed25519 key pair.
[   13.708660] cloud-init[954]: Your identification has been saved in /etc/ssh/ssh_host_ed25519_key.
[   13.712599] cloud-init[954]: Your public key has been saved in /etc/ssh/ssh_host_ed25519_key.pub.
[   13.712913] cloud-init[954]: The key fingerprint is:
[   13.715557] cloud-init[954]: SHA256:mNKPT+j7PCvJludtKeXJY8rFWEYuzYujA3WTxMRmVKs root@ubuntu-xenial
[   13.716530] cloud-init[954]: The key's randomart image is:
[   13.720208] cloud-init[954]: +--[ED25519 256]--+
[   13.721443] cloud-init[954]: |       =o..      |
[   13.721523] cloud-init[954]: |        *  .     |
[   13.723319] cloud-init[954]: |       + .o      |
[   13.724712] cloud-init[954]: |     ..o+*       |
[   13.725290] cloud-init[954]: |    ..+.E.*      |
[   13.726832] cloud-init[954]: |    .. + B..     |
[   13.727846] cloud-init[954]: |     ooo*++o     |
[   13.729538] cloud-init[954]: |     .B*++O      |
[   13.730460] cloud-init[954]: |     .+BOB..     |
[   13.732389] cloud-init[954]: +----[SHA256]-----+
[[0;32m  OK  [0m] Reached target Network is Online.
         Starting iSCSI initiator daemon (iscsid)...
[[0;32m  OK  [0m] Listening on LXD - unix socket.
[[0;32m  OK  [0m] Listening on Socket activation for snappy daemon.
[[0;32m  OK  [0m] Reached target Sockets.
[[0;32m  OK  [0m] Reached target Basic System.
         Starting Virtualbox guest utils...
[[0;32m  OK  [0m] Started Deferred execution scheduler.
         Starting LXD - container startup/shutdown...
         Starting LSB: Record successful boot for GRUB...
[[0;32m  OK  [0m] Started D-Bus System Message Bus.
         Starting Accounts Service...
[[0;32m  OK  [0m] Started FUSE filesystem for LXC.
         Starting LSB: MD monitoring daemon...
         Starting Login Service...
[[0;32m  OK  [0m] Started ACPI event daemon.
         Starting /etc/rc.local Compatibility...
         Starting System Logging Service...
[[0;32m  OK  [0m] Started Regular background program processing daemon.
         Starting Pollinate to seed the pseudo random number generator...
         Starting Snappy daemon...
[[0;32m  OK  [0m] Started /etc/rc.local Compatibility.
[[0;32m  OK  [0m] Started iSCSI initiator daemon (iscsid).
         Starting Login to default iSCSI targets...
[[0;32m  OK  [0m] Started Login Service.
[[0;32m  OK  [0m] Started Unattended Upgrades Shutdown.
[[0;32m  OK  [0m] Started LSB: Record successful boot for GRUB.
[[0;32m  OK  [0m] Started System Logging Service.
[[0;32m  OK  [0m] Started Login to default iSCSI targets.
[[0;32m  OK  [0m] Reached target Remote File Systems (Pre).
[[0;32m  OK  [0m] Reached target Remote File Systems.
         Starting LSB: daemon to balance interrupts for SMP systems...
         Starting LSB: automatic crash report generation...
         Starting Permit User Sessions...
         Starting LSB: Set the CPU Frequency Scaling governor to "ondemand"...
[[0;32m  OK  [0m] Started Permit User Sessions.
         Starting Terminate Plymouth Boot Screen...
         Starting Hold until boot process finishes up...
[[0;32m  OK  [0m] Started LXD - container startup/shutdown.
[[0;32m  OK  [0m] Started LSB: MD monitoring daemon.
[[0;32m  OK  [0m] Started Terminate Plymouth Boot Screen.
[[0;32m  OK  [0m] Started Hold until boot process finishes up.
         Starting Set console scheme...
[[0;32m  OK  [0m] Started Getty on tty1.
[[0;32m  OK  [0m] Started Serial Getty on ttyS0.
[[0;32m  OK  [0m] Reached target Login Prompts.
[[0;32m  OK  [0m] Started LSB: automatic crash report generation.
[[0;32m  OK  [0m] Started LSB: Set the CPU Frequency Scaling governor to "ondemand".
[[0;32m  OK  [0m] Started Set console scheme.
[[0;32m  OK  [0m] Started LSB: daemon to balance interrupts for SMP systems.
         Starting Authenticate and Authorize Users to Run Privileged Tasks...
[[0;32m  OK  [0m] Started Virtualbox guest utils.
[[0;32m  OK  [0m] Started Authenticate and Authorize Users to Run Privileged Tasks.
[[0;32m  OK  [0m] Started Accounts Service.
[[0;32m  OK  [0m] Started Snappy daemon.
         Starting Wait until snapd is fully seeded...
[[0;32m  OK  [0m] Started Pollinate to seed the pseudo random number generator.
         Starting OpenBSD Secure Shell server...
[[0;32m  OK  [0m] Started OpenBSD Secure Shell server.
[[0;32m  OK  [0m] Started Wait until snapd is fully seeded.
         Starting Apply the settings specified in cloud-config...
[[0;32m  OK  [0m] Reached target Multi-User System.
[[0;32m  OK  [0m] Reached target Graphical Interface.
         Starting Update UTMP about System Runlevel Changes...
[[0;32m  OK  [0m] Started Update UTMP about System Runlevel Changes.
[   16.156949] cloud-init[1311]: Generating locales (this might take a while)...
[   17.155896] cloud-init[1311]:   en_US.UTF-8... done
[   17.158310] cloud-init[1311]: Generation complete.
[   17.721424] cloud-init[1311]: Cloud-init v. 19.4-33-gbb4131a2-0ubuntu1~16.04.1 running 'modules:config' at Tue, 24 Mar 2020 13:32:31 +0000. Up 16.03 seconds.
[[0;32m  OK  [0m] Started Apply the settings specified in cloud-config.
         Starting Execute cloud user/final scripts...
[[0;32m  OK  [0m] Created slice User Slice of vagrant.
         Starting User Manager for UID 1000...
[[0;32m  OK  [0m] Started Session 1 of user vagrant.
[[0;32m  OK  [0m] Started User Manager for UID 1000.
ci-info: no authorized SSH keys fingerprints found for user ubuntu.
<14>Mar 24 13:32:33 ec2: 
<14>Mar 24 13:32:33 ec2: #############################################################
<14>Mar 24 13:32:33 ec2: -----BEGIN SSH HOST KEY FINGERPRINTS-----
<14>Mar 24 13:32:33 ec2: 1024 SHA256:GrVGERVeD6DInZuPgAIzgJsCglP8xdIuo0N12iMRPzE root@ubuntu-xenial (DSA)
<14>Mar 24 13:32:33 ec2: 256 SHA256:HXYGyaZ+YAwPf/yePKpDSTa4dmdK7Dx9AtSW5rDbBoc root@ubuntu-xenial (ECDSA)
<14>Mar 24 13:32:33 ec2: 256 SHA256:mNKPT+j7PCvJludtKeXJY8rFWEYuzYujA3WTxMRmVKs root@ubuntu-xenial (ED25519)
<14>Mar 24 13:32:33 ec2: 2048 SHA256:XNwbP87JhRLL9BvK0xRXMqL5ni2OMpTTnZXyfyGJ8dg root@ubuntu-xenial (RSA)
<14>Mar 24 13:32:33 ec2: -----END SSH HOST KEY FINGERPRINTS-----
<14>Mar 24 13:32:33 ec2: #############################################################
-----BEGIN SSH HOST KEY KEYS-----
ecdsa-sha2-nistp256 AAAAE2VjZHNhLXNoYTItbmlzdHAyNTYAAAAIbmlzdHAyNTYAAABBBPc/bI1kT4mn1OgiSzEvWwvvT8Qx1p3MzaDFg/03kO6x/eoI5K6TbOatJWDexQv3JljgtokNymnD+YFwmOEHDQE= root@ubuntu-xenial
ssh-ed25519 AAAAC3NzaC1lZDI1NTE5AAAAIKrmDsxqK7c9w7zM7u6tmht/NvUltjFyBylOKkIBdVa2 root@ubuntu-xenial
ssh-rsa AAAAB3NzaC1yc2EAAAADAQABAAABAQC9b6wje/dvtqZMHBvZZetE2Rm0RIJguELx6yhuBOLuDeYix9a6rPN/947tmE57iq1TZPhYD7y43jg0vOgnAYG89CUQNnabCTLFJ0EBVAsJc/GL7dLXcQF0fVW+J1YAa8U5/6ldAIKs4b1Q0Xzb4rWKpC2/kYhmFe9h0/9ZT8FcqE8mXx+jFWTXi8tjiNaDHg0j2wLCXbHGG8TL+kOX/dDxTdUUdtKP56G21i4v2k52H3Wf1DvIzGsq1LJF5/UVIvuC6pniZmAuDe8fo6QWCTFlYW5CBpwQ8icKCTfQsRG/cp3AJJfPguJ5n5/QVSCjYatkCA07xAOYljTT1ZwbsvC1 root@ubuntu-xenial
-----END SSH HOST KEY KEYS-----
[   18.566923] cloud-init[1352]: Cloud-init v. 19.4-33-gbb4131a2-0ubuntu1~16.04.1 running 'modules:final' at Tue, 24 Mar 2020 13:32:33 +0000. Up 18.28 seconds.
[   18.571418] cloud-init[1352]: ci-info: no authorized SSH keys fingerprints found for user ubuntu.
[   18.580927] cloud-init[1352]: Cloud-init v. 19.4-33-gbb4131a2-0ubuntu1~16.04.1 finished at Tue, 24 Mar 2020 13:32:33 +0000. Datasource DataSourceNoCloud [seed=/dev/sdb][dsmode=net].  Up 18.55 seconds
[[0;32m  OK  [0m] Started Execute cloud user/final scripts.
[[0;32m  OK  [0m] Reached target Cloud-init target.

Ubuntu 16.04.6 LTS ubuntu-xenial ttyS0

ubuntu-xenial login: 